=== ZJJ BRUTAL QA TEST SUITE ===
Start time: Sat Feb  7 01:54:00 PM CST 2026


TEST: whereami from main
>>> zjj whereami
Command: zjj whereami
main
Exit code: 0
Duration: 63ms

TEST: whereami JSON format
>>> zjj whereami --json
Command: zjj whereami --json
{
  "$schema": "zjj://whereami-response/v1",
  "_schema_version": "1.0",
  "schema_type": "single",
  "success": true,
  "location_type": "main",
  "workspace_name": null,
  "workspace_path": null,
  "simple": "main"
}
Exit code: 0
Duration: 63ms

TEST: Create workspace without Zellij
>>> zjj add qa-test-brutal --no-zellij
Command: zjj add qa-test-brutal --no-zellij
Error: Parse error: Failed to parse config: /home/lewis/src/oya/.zjj/config.toml: TOML parse error at line 21, column 12
   |
21 | use_tabs = "not_a_boolean"
   |            ^^^^^^^^^^^^^^^
invalid type: string "not_a_boolean", expected a boolean

Exit code: 0
Duration: 142ms

TEST: diff stat on clean workspace
>>> zjj diff qa-test-brutal --stat
Command: zjj diff qa-test-brutal --stat
Error: Not found: Session 'qa-test-brutal' not found
Exit code: 0
Duration: 48ms

TEST: diff JSON on clean workspace
>>> zjj diff qa-test-brutal --json
Command: zjj diff qa-test-brutal --json
{
  "$schema": "zjj://error-response/v1",
  "_schema_version": "1.0",
  "schema_type": "single",
  "success": false,
  "error": {
    "code": "SESSION_NOT_FOUND",
    "message": "Not found: Session 'qa-test-brutal' not found",
    "exit_code": 2,
    "suggestion": "Use 'zjj list' to see available sessions"
  }
}
Exit code: 0
Duration: 64ms

TEST: sync clean workspace
>>> zjj sync qa-test-brutal
Command: zjj sync qa-test-brutal
Error: Not found: Session 'qa-test-brutal' not found
Exit code: 0
Duration: 65ms
