[1m[92m    Blocking[0m waiting for file lock on package cache
[1m[92m    Blocking[0m waiting for file lock on package cache
[1m[92m    Blocking[0m waiting for file lock on package cache
[1m[92m    Blocking[0m waiting for file lock on package cache
[1m[92m   Compiling[0m stable_deref_trait v1.2.1
[1m[92m   Compiling[0m smallvec v1.15.1
[1m[92m   Compiling[0m litemap v0.8.1
[1m[92m   Compiling[0m writeable v0.6.2
[1m[92m   Compiling[0m icu_properties_data v2.1.2
[1m[92m   Compiling[0m icu_normalizer_data v2.1.1
[1m[92m   Compiling[0m utf8_iter v1.0.4
[1m[92m   Compiling[0m syn v2.0.114
[1m[92m   Compiling[0m form_urlencoded v1.2.2
[1m[92m   Compiling[0m parking_lot_core v0.9.12
[1m[92m   Compiling[0m parking_lot v0.12.5
[1m[92m   Compiling[0m synstructure v0.13.2
[1m[92m   Compiling[0m zerofrom-derive v0.1.6
[1m[92m   Compiling[0m yoke-derive v0.8.1
[1m[92m   Compiling[0m zerovec-derive v0.11.2
[1m[92m   Compiling[0m displaydoc v0.2.5
[1m[92m   Compiling[0m serde_derive v1.0.228
[1m[92m   Compiling[0m futures-macro v0.3.31
[1m[92m   Compiling[0m tracing-attributes v0.1.31
[1m[92m   Compiling[0m tokio-macros v2.6.0
[1m[92m   Compiling[0m thiserror-impl v1.0.69
[1m[92m   Compiling[0m strum_macros v0.26.4
[1m[92m   Compiling[0m futures-util v0.3.31
[1m[92m   Compiling[0m tokio v1.49.0
[1m[92m   Compiling[0m thiserror v1.0.69
[1m[92m   Compiling[0m zerofrom v0.1.6
[1m[92m   Compiling[0m yoke v0.8.1
[1m[92m   Compiling[0m tracing v0.1.44
[1m[92m   Compiling[0m zerovec v0.11.5
[1m[92m   Compiling[0m zerotrie v0.2.3
[1m[92m   Compiling[0m tracing-subscriber v0.3.22
[1m[92m   Compiling[0m strum v0.26.3
[1m[92m   Compiling[0m tinystr v0.8.2
[1m[92m   Compiling[0m potential_utf v0.1.4
[1m[92m   Compiling[0m icu_collections v2.1.1
[1m[92m   Compiling[0m icu_locale_core v2.1.1
[1m[92m   Compiling[0m icu_provider v2.1.1
[1m[92m   Compiling[0m serde v1.0.228
[1m[92m   Compiling[0m icu_properties v2.1.2
[1m[92m   Compiling[0m icu_normalizer v2.1.1
[1m[92m   Compiling[0m basic-toml v0.1.10
[1m[92m   Compiling[0m toml_datetime v0.6.11
[1m[92m   Compiling[0m serde_spanned v0.6.9
[1m[92m   Compiling[0m im v15.1.0
[1m[92m   Compiling[0m toml_edit v0.22.27
[1m[92m   Compiling[0m askama_derive v0.12.5
[1m[92m   Compiling[0m idna_adapter v1.2.1
[1m[92m   Compiling[0m futures-executor v0.3.31
[1m[92m   Compiling[0m idna v1.1.0
[1m[92m   Compiling[0m futures v0.3.31
[1m[92m   Compiling[0m url v2.5.8
[1m[92m   Compiling[0m askama v0.12.1
[1m[92m   Compiling[0m toml v0.8.23
[1m[92m   Compiling[0m intent-core v0.1.0 (/home/lewis/src/intent-cli/crates/intent-core)
[1m[33mwarning[0m[1m: unused imports: `IntentError` and `IntentResult`[0m
  [1m[94m--> [0mcrates/intent-core/src/config.rs:13:20
   [1m[94m|[0m
[1m[94m13[0m [1m[94m|[0m use crate::error::{IntentError, IntentResult};
   [1m[94m|[0m                    [1m[33m^^^^^^^^^^^[0m  [1m[33m^^^^^^^^^^^^[0m
   [1m[94m|[0m
   [1m[94m= [0m[1mnote[0m: `#[warn(unused_imports)]` (part of `#[warn(unused)]`) on by default

[1m[33mwarning[0m[1m: unused import: `std::path::PathBuf`[0m
  [1m[94m--> [0mcrates/intent-core/src/config.rs:15:5
   [1m[94m|[0m
[1m[94m15[0m [1m[94m|[0m use std::path::PathBuf;
   [1m[94m|[0m     [1m[33m^^^^^^^^^^^^^^^^^^[0m

[1m[33mwarning[0m: `intent-core` (lib) generated 2 warnings (run `cargo fix --lib -p intent-core` to apply 2 suggestions)
[1m[92m   Compiling[0m intent v0.1.0 (/home/lewis/src/intent-cli/crates/intent)
[1m[92m    Finished[0m ]8;;https://doc.rust-lang.org/cargo/reference/profiles.html#default-profiles\`release` profile [optimized]]8;;\ target(s) in 11.11s
