[1m[92m    Blocking[0m waiting for file lock on package cache
[1m[92m    Blocking[0m waiting for file lock on package cache
[1m[92m    Blocking[0m waiting for file lock on package cache
[1m[92m    Checking[0m intent-core v0.1.0 (/home/lewis/src/intent-cli/crates/intent-core)
[1m[91merror[0m[1m: this `impl` can be derived[0m
  [1m[94m--> [0mcrates/intent-core/src/config.rs:90:1
   [1m[94m|[0m
[1m[94m90[0m [1m[94m|[0m [1m[91m/[0m impl Default for LogLevel {
[1m[94m91[0m [1m[94m|[0m [1m[91m|[0m     fn default() -> Self {
[1m[94m92[0m [1m[94m|[0m [1m[91m|[0m         Self::Info
[1m[94m93[0m [1m[94m|[0m [1m[91m|[0m     }
[1m[94m94[0m [1m[94m|[0m [1m[91m|[0m }
   [1m[94m|[0m [1m[91m|_^[0m
   [1m[94m|[0m
   [1m[94m= [0m[1mhelp[0m: for further information visit https://rust-lang.github.io/rust-clippy/master/index.html#derivable_impls
   [1m[94m= [0m[1mnote[0m: `-D clippy::derivable-impls` implied by `-D warnings`
   [1m[94m= [0m[1mhelp[0m: to override `-D warnings` add `#[allow(clippy::derivable_impls)]`
[1m[96mhelp[0m: replace the manual implementation with a derive attribute and mark the default variant
   [1m[94m|[0m
[1m[94m50[0m [92m+ #[derive(Default)][0m
[1m[94m51[0m [1m[94m|[0m pub enum LogLevel {
[1m[94m52[0m [1m[94m|[0m     Error,
[1m[94m53[0m [1m[94m|[0m     Warn,
[1m[94m54[0m [92m~ [0m    [92m#[default][0m
[1m[94m55[0m [92m~     [0mInfo,
   [1m[94m|[0m

[1m[91merror[0m[1m: item in documentation is missing backticks[0m
   [1m[94m--> [0mcrates/intent-core/src/config.rs:133:28
    [1m[94m|[0m
[1m[94m133[0m [1m[94m|[0m /// Error type for parsing OutputFormat from string
    [1m[94m|[0m                            [1m[91m^^^^^^^^^^^^[0m
    [1m[94m|[0m
    [1m[94m= [0m[1mhelp[0m: for further information visit https://rust-lang.github.io/rust-clippy/master/index.html#doc_markdown
    [1m[94m= [0m[1mnote[0m: `-D clippy::doc-markdown` implied by `-D warnings`
    [1m[94m= [0m[1mhelp[0m: to override `-D warnings` add `#[allow(clippy::doc_markdown)]`
[1m[96mhelp[0m: try
    [1m[94m|[0m
[1m[94m133[0m [91m- [0m/// Error type for parsing [91mOutputFormat[0m from string
[1m[94m133[0m [92m+ [0m/// Error type for parsing [92m`OutputFormat`[0m from string
    [1m[94m|[0m

[1m[91merror[0m[1m: this `impl` can be derived[0m
   [1m[94m--> [0mcrates/intent-core/src/config.rs:151:1
    [1m[94m|[0m
[1m[94m151[0m [1m[94m|[0m [1m[91m/[0m impl Default for OutputFormat {
[1m[94m152[0m [1m[94m|[0m [1m[91m|[0m     fn default() -> Self {
[1m[94m153[0m [1m[94m|[0m [1m[91m|[0m         Self::Text
[1m[94m154[0m [1m[94m|[0m [1m[91m|[0m     }
[1m[94m155[0m [1m[94m|[0m [1m[91m|[0m }
    [1m[94m|[0m [1m[91m|_^[0m
    [1m[94m|[0m
    [1m[94m= [0m[1mhelp[0m: for further information visit https://rust-lang.github.io/rust-clippy/master/index.html#derivable_impls
[1m[96mhelp[0m: replace the manual implementation with a derive attribute and mark the default variant
    [1m[94m|[0m
[1m[94m124[0m [92m+ #[derive(Default)][0m
[1m[94m125[0m [1m[94m|[0m pub enum OutputFormat {
[1m[94m126[0m [1m[94m|[0m     /// Plain text output (default)
[1m[94m127[0m [92m~ [0m    [92m#[default][0m
[1m[94m128[0m [92m~     [0mText,
    [1m[94m|[0m

[1m[91merror[0m[1m: this could be a `const fn`[0m
   [1m[94m--> [0mcrates/intent-core/src/config.rs:237:5
    [1m[94m|[0m
[1m[94m237[0m [1m[94m|[0m [1m[91m/[0m     pub fn new(
[1m[94m238[0m [1m[94m|[0m [1m[91m|[0m         log_level: String,
[1m[94m239[0m [1m[94m|[0m [1m[91m|[0m         output_format: String,
[1m[94m240[0m [1m[94m|[0m [1m[91m|[0m         timeout_ms: u64,
[1m[94m...[0m   [1m[91m|[0m
[1m[94m249[0m [1m[94m|[0m [1m[91m|[0m     }
    [1m[94m|[0m [1m[91m|_____^[0m
    [1m[94m|[0m
    [1m[94m= [0m[1mhelp[0m: for further information visit https://rust-lang.github.io/rust-clippy/master/index.html#missing_const_for_fn
    [1m[94m= [0m[1mnote[0m: `-D clippy::missing-const-for-fn` implied by `-D warnings`
    [1m[94m= [0m[1mhelp[0m: to override `-D warnings` add `#[allow(clippy::missing_const_for_fn)]`
[1m[96mhelp[0m: make the function `const`
    [1m[94m|[0m
[1m[94m237[0m [1m[94m| [0m    pub[92m const[0m fn new(
    [1m[94m|[0m         [92m+++++[0m

[1m[91merror[0m[1m: unnecessary closure used to substitute value for `Result::Err`[0m
   [1m[94m--> [0mcrates/intent-core/src/config.rs:307:9
    [1m[94m|[0m
[1m[94m307[0m [1m[94m|[0m [1m[91m/[0m         get_config_path()
[1m[94m308[0m [1m[94m|[0m [1m[91m|[0m             // Try to load from file
[1m[94m309[0m [1m[94m|[0m [1m[91m|[0m             .and_then(|path| {
[1m[94m310[0m [1m[94m|[0m [1m[91m|[0m                 Self::from_file(&path)
[1m[94m...[0m   [1m[91m|[0m
[1m[94m322[0m [1m[94m|[0m [1m[91m|[0m             .or_else(|_| Ok(base))
    [1m[94m|[0m [1m[91m|__________________________________^[0m
    [1m[94m|[0m
    [1m[94m= [0m[1mhelp[0m: for further information visit https://rust-lang.github.io/rust-clippy/master/index.html#unnecessary_lazy_evaluations
    [1m[94m= [0m[1mnote[0m: `-D clippy::unnecessary-lazy-evaluations` implied by `-D warnings`
    [1m[94m= [0m[1mhelp[0m: to override `-D warnings` add `#[allow(clippy::unnecessary_lazy_evaluations)]`
[1m[96mhelp[0m: use `or` instead
    [1m[94m|[0m
[1m[94m322[0m [91m- [0m            .[91mor_else(|_| Ok(base))[0m
[1m[94m322[0m [92m+ [0m            .[92mor(Ok(base))[0m
    [1m[94m|[0m

[1m[91merror[0m[1m: this could be a `const fn`[0m
   [1m[94m--> [0mcrates/intent-core/src/config.rs:407:5
    [1m[94m|[0m
[1m[94m407[0m [1m[94m|[0m [1m[91m/[0m     pub fn spec_dir(&self) -> &PathBuf {
[1m[94m408[0m [1m[94m|[0m [1m[91m|[0m         &self.spec_dir
[1m[94m409[0m [1m[94m|[0m [1m[91m|[0m     }
    [1m[94m|[0m [1m[91m|_____^[0m
    [1m[94m|[0m
    [1m[94m= [0m[1mhelp[0m: for further information visit https://rust-lang.github.io/rust-clippy/master/index.html#missing_const_for_fn
[1m[96mhelp[0m: make the function `const`
    [1m[94m|[0m
[1m[94m407[0m [1m[94m| [0m    pub[92m const[0m fn spec_dir(&self) -> &PathBuf {
    [1m[94m|[0m         [92m+++++[0m

[1m[91merror[0m[1m: this function's return value is unnecessarily wrapped by `Result`[0m
   [1m[94m--> [0mcrates/intent-core/src/config.rs:548:1
    [1m[94m|[0m
[1m[94m548[0m [1m[94m|[0m fn get_local_config_path() -> IntentResult<PathBuf> {
    [1m[94m|[0m [1m[91m^^^^^^^^^^^^^^^^^^^^^^^^^^^^^^^^^^^^^^^^^^^^^^^^^^^[0m
    [1m[94m|[0m
    [1m[94m= [0m[1mhelp[0m: for further information visit https://rust-lang.github.io/rust-clippy/master/index.html#unnecessary_wraps
    [1m[94m= [0m[1mnote[0m: `-D clippy::unnecessary-wraps` implied by `-D warnings`
    [1m[94m= [0m[1mhelp[0m: to override `-D warnings` add `#[allow(clippy::unnecessary_wraps)]`
[1m[96mhelp[0m: remove `Result` from the return type...
    [1m[94m|[0m
[1m[94m548[0m [91m- [0mfn get_local_config_path() -> [91mIntentResult<PathBuf>[0m {
[1m[94m548[0m [92m+ [0mfn get_local_config_path() -> [92mstd::path::PathBuf[0m {
    [1m[94m|[0m
[1m[96mhelp[0m: ...and then remove the surrounding `Ok()` from returning expressions
    [1m[94m|[0m
[1m[94m549[0m [91m- [0m    [91mOk(PathBuf::from("./intent.toml"))[0m
[1m[94m549[0m [92m+ [0m    [92mPathBuf::from("./intent.toml")[0m
    [1m[94m|[0m

[1m[91merror[0m[1m: item in documentation is missing backticks[0m
  [1m[94m--> [0mcrates/intent-core/src/cue.rs:57:22
   [1m[94m|[0m
[1m[94m57[0m [1m[94m|[0m     /// Create a new InvalidName error
   [1m[94m|[0m                      [1m[91m^^^^^^^^^^^[0m
   [1m[94m|[0m
   [1m[94m= [0m[1mhelp[0m: for further information visit https://rust-lang.github.io/rust-clippy/master/index.html#doc_markdown
[1m[96mhelp[0m: try
   [1m[94m|[0m
[1m[94m57[0m [91m- [0m    /// Create a new [91mInvalidName[0m error
[1m[94m57[0m [92m+ [0m    /// Create a new [92m`InvalidName`[0m error
   [1m[94m|[0m

[1m[91merror[0m[1m: item in documentation is missing backticks[0m
  [1m[94m--> [0mcrates/intent-core/src/cue.rs:63:22
   [1m[94m|[0m
[1m[94m63[0m [1m[94m|[0m     /// Create a new InvalidDescription error
   [1m[94m|[0m                      [1m[91m^^^^^^^^^^^^^^^^^^[0m
   [1m[94m|[0m
   [1m[94m= [0m[1mhelp[0m: for further information visit https://rust-lang.github.io/rust-clippy/master/index.html#doc_markdown
[1m[96mhelp[0m: try
   [1m[94m|[0m
[1m[94m63[0m [91m- [0m    /// Create a new [91mInvalidDescription[0m error
[1m[94m63[0m [92m+ [0m    /// Create a new [92m`InvalidDescription`[0m error
   [1m[94m|[0m

[1m[91merror[0m[1m: item in documentation is missing backticks[0m
  [1m[94m--> [0mcrates/intent-core/src/cue.rs:69:22
   [1m[94m|[0m
[1m[94m69[0m [1m[94m|[0m     /// Create a new NotFound error
   [1m[94m|[0m                      [1m[91m^^^^^^^^[0m
   [1m[94m|[0m
   [1m[94m= [0m[1mhelp[0m: for further information visit https://rust-lang.github.io/rust-clippy/master/index.html#doc_markdown
[1m[96mhelp[0m: try
   [1m[94m|[0m
[1m[94m69[0m [91m- [0m    /// Create a new [91mNotFound[0m error
[1m[94m69[0m [92m+ [0m    /// Create a new [92m`NotFound`[0m error
   [1m[94m|[0m

[1m[91merror[0m[1m: item in documentation is missing backticks[0m
  [1m[94m--> [0mcrates/intent-core/src/cue.rs:75:22
   [1m[94m|[0m
[1m[94m75[0m [1m[94m|[0m     /// Create a new ParseError
   [1m[94m|[0m                      [1m[91m^^^^^^^^^^[0m
   [1m[94m|[0m
   [1m[94m= [0m[1mhelp[0m: for further information visit https://rust-lang.github.io/rust-clippy/master/index.html#doc_markdown
[1m[96mhelp[0m: try
   [1m[94m|[0m
[1m[94m75[0m [91m- [0m    /// Create a new [91mParseError[0m
[1m[94m75[0m [92m+ [0m    /// Create a new [92m`ParseError`[0m
   [1m[94m|[0m

[1m[91merror[0m[1m: item in documentation is missing backticks[0m
   [1m[94m--> [0mcrates/intent-core/src/cue.rs:112:27
    [1m[94m|[0m
[1m[94m112[0m [1m[94m|[0m     /// - Must not exceed MAX_LENGTH characters
    [1m[94m|[0m                           [1m[91m^^^^^^^^^^[0m
    [1m[94m|[0m
    [1m[94m= [0m[1mhelp[0m: for further information visit https://rust-lang.github.io/rust-clippy/master/index.html#doc_markdown
[1m[96mhelp[0m: try
    [1m[94m|[0m
[1m[94m112[0m [91m- [0m    /// - Must not exceed [91mMAX_LENGTH[0m characters
[1m[94m112[0m [92m+ [0m    /// - Must not exceed [92m`MAX_LENGTH`[0m characters
    [1m[94m|[0m

[1m[91merror[0m[1m: variables can be used directly in the `format!` string[0m
   [1m[94m--> [0mcrates/intent-core/src/types.rs:655:13
    [1m[94m|[0m
[1m[94m655[0m [1m[94m|[0m             write!(f, "{}ms", millis)
    [1m[94m|[0m             [1m[91m^^^^^^^^^^^^^^^^^^^^^^^^^[0m
    [1m[94m|[0m
    [1m[94m= [0m[1mhelp[0m: for further information visit https://rust-lang.github.io/rust-clippy/master/index.html#uninlined_format_args
    [1m[94m= [0m[1mnote[0m: `-D clippy::uninlined-format-args` implied by `-D warnings`
    [1m[94m= [0m[1mhelp[0m: to override `-D warnings` add `#[allow(clippy::uninlined_format_args)]`
[1m[96mhelp[0m: change this to
    [1m[94m|[0m
[1m[94m655[0m [91m- [0m            write!(f, "{}ms"[91m, millis[0m)
[1m[94m655[0m [92m+ [0m            write!(f, "{[92mmillis[0m}ms")
    [1m[94m|[0m

[1m[91merror[0m: could not compile `intent-core` (lib) due to 13 previous errors
[1m[33mwarning[0m: build failed, waiting for other jobs to finish...
[1m[91merror[0m[1m: variables can be used directly in the `format!` string[0m
   [1m[94m--> [0mcrates/intent-core/src/cli.rs:110:17
    [1m[94m|[0m
[1m[94m110[0m [1m[94m|[0m [1m[91m/[0m                 assert!(
[1m[94m111[0m [1m[94m|[0m [1m[91m|[0m                     file_name == "cue" || file_name == "cue.exe",
[1m[94m112[0m [1m[94m|[0m [1m[91m|[0m                     "Binary name should be 'cue' or 'cue.exe', got: {}",
[1m[94m113[0m [1m[94m|[0m [1m[91m|[0m                     file_name
[1m[94m114[0m [1m[94m|[0m [1m[91m|[0m                 );
    [1m[94m|[0m [1m[91m|_________________^[0m
    [1m[94m|[0m
    [1m[94m= [0m[1mhelp[0m: for further information visit https://rust-lang.github.io/rust-clippy/master/index.html#uninlined_format_args
    [1m[94m= [0m[1mnote[0m: `-D clippy::uninlined-format-args` implied by `-D warnings`
    [1m[94m= [0m[1mhelp[0m: to override `-D warnings` add `#[allow(clippy::uninlined_format_args)]`

[1m[91merror[0m[1m: `panic` should not be present in production code[0m
   [1m[94m--> [0mcrates/intent-core/src/cli.rs:122:26
    [1m[94m|[0m
[1m[94m122[0m [1m[94m|[0m                     _ => panic!("Expected NotFound error variant, got: {:?}", e),
    [1m[94m|[0m                          [1m[91m^^^^^^^^^^^^^^^^^^^^^^^^^^^^^^^^^^^^^^^^^^^^^^^^^^^^^^^[0m
    [1m[94m|[0m
    [1m[94m= [0m[1mhelp[0m: for further information visit https://rust-lang.github.io/rust-clippy/master/index.html#panic
[1m[92mnote[0m: the lint level is defined here
   [1m[94m--> [0mcrates/intent-core/src/cli.rs:27:9
    [1m[94m|[0m
[1m[94m 27[0m [1m[94m|[0m #![deny(clippy::panic)]
    [1m[94m|[0m         [1m[92m^^^^^^^^^^^^^[0m

[1m[91merror[0m[1m: variables can be used directly in the `format!` string[0m
   [1m[94m--> [0mcrates/intent-core/src/cli.rs:122:26
    [1m[94m|[0m
[1m[94m122[0m [1m[94m|[0m                     _ => panic!("Expected NotFound error variant, got: {:?}", e),
    [1m[94m|[0m                          [1m[91m^^^^^^^^^^^^^^^^^^^^^^^^^^^^^^^^^^^^^^^^^^^^^^^^^^^^^^^[0m
    [1m[94m|[0m
    [1m[94m= [0m[1mhelp[0m: for further information visit https://rust-lang.github.io/rust-clippy/master/index.html#uninlined_format_args
[1m[96mhelp[0m: change this to
    [1m[94m|[0m
[1m[94m122[0m [91m- [0m                    _ => panic!("Expected NotFound error variant, got: {:?}"[91m, e[0m),
[1m[94m122[0m [92m+ [0m                    _ => panic!("Expected NotFound error variant, got: {[92me[0m:?}"),
    [1m[94m|[0m

[1m[91merror[0m[1m: variables can be used directly in the `format!` string[0m
   [1m[94m--> [0mcrates/intent-core/src/cli.rs:160:9
    [1m[94m|[0m
[1m[94m160[0m [1m[94m|[0m [1m[91m/[0m         assert!(
[1m[94m161[0m [1m[94m|[0m [1m[91m|[0m             error_string.contains("cue CLI tool"),
[1m[94m162[0m [1m[94m|[0m [1m[91m|[0m             "Error should mention 'cue CLI tool', got: {}",
[1m[94m163[0m [1m[94m|[0m [1m[91m|[0m             error_string
[1m[94m164[0m [1m[94m|[0m [1m[91m|[0m         );
    [1m[94m|[0m [1m[91m|_________^[0m
    [1m[94m|[0m
    [1m[94m= [0m[1mhelp[0m: for further information visit https://rust-lang.github.io/rust-clippy/master/index.html#uninlined_format_args

[1m[91merror[0m[1m: variables can be used directly in the `format!` string[0m
   [1m[94m--> [0mcrates/intent-core/src/cli.rs:193:26
    [1m[94m|[0m
[1m[94m193[0m [1m[94m|[0m             .map_err(|e| format!("Wrapped error: {}", e));
    [1m[94m|[0m                          [1m[91m^^^^^^^^^^^^^^^^^^^^^^^^^^^^^^^[0m
    [1m[94m|[0m
    [1m[94m= [0m[1mhelp[0m: for further information visit https://rust-lang.github.io/rust-clippy/master/index.html#uninlined_format_args
[1m[96mhelp[0m: change this to
    [1m[94m|[0m
[1m[94m193[0m [91m- [0m            .map_err(|e| format!("Wrapped error: {}"[91m, e[0m));
[1m[94m193[0m [92m+ [0m            .map_err(|e| format!("Wrapped error: {[92me[0m}"));
    [1m[94m|[0m

[1m[91merror[0m[1m: you seem to be trying to use `match` for destructuring a single pattern. Consider using `if let`[0m
   [1m[94m--> [0mcrates/intent-core/src/cli.rs:220:9
    [1m[94m|[0m
[1m[94m220[0m [1m[94m|[0m [1m[91m/[0m         match result {
[1m[94m221[0m [1m[94m|[0m [1m[91m|[0m             Ok(path) => {
[1m[94m222[0m [1m[94m|[0m [1m[91m|[0m                 assert!(path.exists() || !path.as_os_str().is_empty());
[1m[94m...[0m   [1m[91m|[0m
[1m[94m227[0m [1m[94m|[0m [1m[91m|[0m         }
    [1m[94m|[0m [1m[91m|_________^[0m
    [1m[94m|[0m
    [1m[94m= [0m[1mhelp[0m: for further information visit https://rust-lang.github.io/rust-clippy/master/index.html#single_match_else
    [1m[94m= [0m[1mnote[0m: `-D clippy::single-match-else` implied by `-D warnings`
    [1m[94m= [0m[1mhelp[0m: to override `-D warnings` add `#[allow(clippy::single_match_else)]`
[1m[96mhelp[0m: try
    [1m[94m|[0m
[1m[94m220[0m [92m~ [0m        [92mif let Ok(path) = result {[0m
[1m[94m221[0m [92m+             assert!(path.exists() || !path.as_os_str().is_empty());[0m
[1m[94m222[0m [92m+         } else {[0m
[1m[94m223[0m [92m+             // Error is acceptable for this test[0m
[1m[94m224[0m [92m+         }[0m
    [1m[94m|[0m

[1m[91merror[0m[1m: used `expect()` on a `Result` value[0m
   [1m[94m--> [0mcrates/intent-core/src/cue.rs:379:20
    [1m[94m|[0m
[1m[94m379[0m [1m[94m|[0m         let name = CueName::new("test-name").expect("valid name");
    [1m[94m|[0m                    [1m[91m^^^^^^^^^^^^^^^^^^^^^^^^^^^^^^^^^^^^^^^^^^^^^^[0m
    [1m[94m|[0m
    [1m[94m= [0m[1mnote[0m: if this value is an `Err`, it will panic
    [1m[94m= [0m[1mhelp[0m: for further information visit https://rust-lang.github.io/rust-clippy/master/index.html#expect_used
[1m[92mnote[0m: the lint level is defined here
   [1m[94m--> [0mcrates/intent-core/src/cue.rs:23:9
    [1m[94m|[0m
[1m[94m 23[0m [1m[94m|[0m #![deny(clippy::expect_used)]
    [1m[94m|[0m         [1m[92m^^^^^^^^^^^^^^^^^^^[0m

[1m[91merror[0m[1m: this can be `std::io::Error::other(_)`[0m
   [1m[94m--> [0mcrates/intent-core/src/error.rs:740:24
    [1m[94m|[0m
[1m[94m740[0m [1m[94m|[0m         let io_error = std::io::Error::new(std::io::ErrorKind::Other, "io error");
    [1m[94m|[0m                        [1m[91m^^^^^^^^^^^^^^^^^^^^^^^^^^^^^^^^^^^^^^^^^^^^^^^^^^^^^^^^^^[0m
    [1m[94m|[0m
    [1m[94m= [0m[1mhelp[0m: for further information visit https://rust-lang.github.io/rust-clippy/master/index.html#io_other_error
    [1m[94m= [0m[1mnote[0m: `-D clippy::io-other-error` implied by `-D warnings`
    [1m[94m= [0m[1mhelp[0m: to override `-D warnings` add `#[allow(clippy::io_other_error)]`
[1m[96mhelp[0m: use `std::io::Error::other`
    [1m[94m|[0m
[1m[94m740[0m [91m- [0m        let io_error = std::io::Error::[91mnew[0m([91mstd::io::ErrorKind::Other, [0m"io error");
[1m[94m740[0m [92m+ [0m        let io_error = std::io::Error::[92mother[0m("io error");
    [1m[94m|[0m

[1m[91merror[0m[1m: `panic` should not be present in production code[0m
   [1m[94m--> [0mcrates/intent-core/src/error.rs:824:18
    [1m[94m|[0m
[1m[94m824[0m [1m[94m|[0m             _ => panic!("Expected NotFound variant"),
    [1m[94m|[0m                  [1m[91m^^^^^^^^^^^^^^^^^^^^^^^^^^^^^^^^^^^[0m
    [1m[94m|[0m
    [1m[94m= [0m[1mhelp[0m: for further information visit https://rust-lang.github.io/rust-clippy/master/index.html#panic
    [1m[94m= [0m[1mnote[0m: requested on the command line with `-F clippy::panic`

[1m[91merror[0m[1m: `panic` should not be present in production code[0m
   [1m[94m--> [0mcrates/intent-core/src/error.rs:854:18
    [1m[94m|[0m
[1m[94m854[0m [1m[94m|[0m             _ => panic!("Expected Parse variant"),
    [1m[94m|[0m                  [1m[91m^^^^^^^^^^^^^^^^^^^^^^^^^^^^^^^^[0m
    [1m[94m|[0m
    [1m[94m= [0m[1mhelp[0m: for further information visit https://rust-lang.github.io/rust-clippy/master/index.html#panic

[1m[91merror[0m[1m: `panic` should not be present in production code[0m
   [1m[94m--> [0mcrates/intent-core/src/error.rs:880:18
    [1m[94m|[0m
[1m[94m880[0m [1m[94m|[0m             _ => panic!("Expected Validation variant"),
    [1m[94m|[0m                  [1m[91m^^^^^^^^^^^^^^^^^^^^^^^^^^^^^^^^^^^^^[0m
    [1m[94m|[0m
    [1m[94m= [0m[1mhelp[0m: for further information visit https://rust-lang.github.io/rust-clippy/master/index.html#panic

[1m[91merror[0m[1m: `panic` should not be present in production code[0m
   [1m[94m--> [0mcrates/intent-core/src/error.rs:909:18
    [1m[94m|[0m
[1m[94m909[0m [1m[94m|[0m             _ => panic!("Expected Http variant"),
    [1m[94m|[0m                  [1m[91m^^^^^^^^^^^^^^^^^^^^^^^^^^^^^^^[0m
    [1m[94m|[0m
    [1m[94m= [0m[1mhelp[0m: for further information visit https://rust-lang.github.io/rust-clippy/master/index.html#panic

[1m[91merror[0m[1m: `panic` should not be present in production code[0m
   [1m[94m--> [0mcrates/intent-core/src/error.rs:934:18
    [1m[94m|[0m
[1m[94m934[0m [1m[94m|[0m             _ => panic!("Expected Config variant"),
    [1m[94m|[0m                  [1m[91m^^^^^^^^^^^^^^^^^^^^^^^^^^^^^^^^^[0m
    [1m[94m|[0m
    [1m[94m= [0m[1mhelp[0m: for further information visit https://rust-lang.github.io/rust-clippy/master/index.html#panic

[1m[91merror[0m[1m: `panic` should not be present in production code[0m
   [1m[94m--> [0mcrates/intent-core/src/error.rs:948:18
    [1m[94m|[0m
[1m[94m948[0m [1m[94m|[0m             _ => panic!("Expected NotFound variant"),
    [1m[94m|[0m                  [1m[91m^^^^^^^^^^^^^^^^^^^^^^^^^^^^^^^^^^^[0m
    [1m[94m|[0m
    [1m[94m= [0m[1mhelp[0m: for further information visit https://rust-lang.github.io/rust-clippy/master/index.html#panic

[1m[91merror[0m[1m: `panic` should not be present in production code[0m
   [1m[94m--> [0mcrates/intent-core/src/error.rs:962:18
    [1m[94m|[0m
[1m[94m962[0m [1m[94m|[0m             _ => panic!("Expected Parse variant"),
    [1m[94m|[0m                  [1m[91m^^^^^^^^^^^^^^^^^^^^^^^^^^^^^^^^[0m
    [1m[94m|[0m
    [1m[94m= [0m[1mhelp[0m: for further information visit https://rust-lang.github.io/rust-clippy/master/index.html#panic

[1m[91merror[0m[1m: `panic` should not be present in production code[0m
   [1m[94m--> [0mcrates/intent-core/src/error.rs:976:18
    [1m[94m|[0m
[1m[94m976[0m [1m[94m|[0m             _ => panic!("Expected Validation variant"),
    [1m[94m|[0m                  [1m[91m^^^^^^^^^^^^^^^^^^^^^^^^^^^^^^^^^^^^^[0m
    [1m[94m|[0m
    [1m[94m= [0m[1mhelp[0m: for further information visit https://rust-lang.github.io/rust-clippy/master/index.html#panic

[1m[91merror[0m[1m: `panic` should not be present in production code[0m
   [1m[94m--> [0mcrates/intent-core/src/error.rs:996:18
    [1m[94m|[0m
[1m[94m996[0m [1m[94m|[0m             _ => panic!("Expected Http variant"),
    [1m[94m|[0m                  [1m[91m^^^^^^^^^^^^^^^^^^^^^^^^^^^^^^^[0m
    [1m[94m|[0m
    [1m[94m= [0m[1mhelp[0m: for further information visit https://rust-lang.github.io/rust-clippy/master/index.html#panic

[1m[91merror[0m[1m: `panic` should not be present in production code[0m
    [1m[94m--> [0mcrates/intent-core/src/error.rs:1009:18
     [1m[94m|[0m
[1m[94m1009[0m [1m[94m|[0m             _ => panic!("Expected Config variant"),
     [1m[94m|[0m                  [1m[91m^^^^^^^^^^^^^^^^^^^^^^^^^^^^^^^^^[0m
     [1m[94m|[0m
     [1m[94m= [0m[1mhelp[0m: for further information visit https://rust-lang.github.io/rust-clippy/master/index.html#panic

[1m[91merror[0m[1m: variables can be used directly in the `format!` string[0m
   [1m[94m--> [0mcrates/intent-core/src/types.rs:655:13
    [1m[94m|[0m
[1m[94m655[0m [1m[94m|[0m             write!(f, "{}ms", millis)
    [1m[94m|[0m             [1m[91m^^^^^^^^^^^^^^^^^^^^^^^^^[0m
    [1m[94m|[0m
    [1m[94m= [0m[1mhelp[0m: for further information visit https://rust-lang.github.io/rust-clippy/master/index.html#uninlined_format_args
[1m[96mhelp[0m: change this to
    [1m[94m|[0m
[1m[94m655[0m [91m- [0m            write!(f, "{}ms"[91m, millis[0m)
[1m[94m655[0m [92m+ [0m            write!(f, "{[92mmillis[0m}ms")
    [1m[94m|[0m

[1m[91merror[0m[1m: used `unwrap()` on a `Result` value[0m
    [1m[94m--> [0mcrates/intent-core/src/types.rs:1419:17
     [1m[94m|[0m
[1m[94m1419[0m [1m[94m|[0m         assert!(StatusCode::try_new(200).unwrap().is_success());
     [1m[94m|[0m                 [1m[91m^^^^^^^^^^^^^^^^^^^^^^^^^^^^^^^^^[0m
     [1m[94m|[0m
     [1m[94m= [0m[1mnote[0m: if this value is an `Err`, it will panic
     [1m[94m= [0m[1mhelp[0m: for further information visit https://rust-lang.github.io/rust-clippy/master/index.html#unwrap_used
     [1m[94m= [0m[1mnote[0m: requested on the command line with `-F clippy::unwrap-used`

[1m[91merror[0m[1m: used `unwrap()` on a `Result` value[0m
    [1m[94m--> [0mcrates/intent-core/src/types.rs:1420:17
     [1m[94m|[0m
[1m[94m1420[0m [1m[94m|[0m         assert!(StatusCode::try_new(299).unwrap().is_success());
     [1m[94m|[0m                 [1m[91m^^^^^^^^^^^^^^^^^^^^^^^^^^^^^^^^^[0m
     [1m[94m|[0m
     [1m[94m= [0m[1mnote[0m: if this value is an `Err`, it will panic
     [1m[94m= [0m[1mhelp[0m: for further information visit https://rust-lang.github.io/rust-clippy/master/index.html#unwrap_used

[1m[91merror[0m[1m: used `unwrap()` on a `Result` value[0m
    [1m[94m--> [0mcrates/intent-core/src/types.rs:1421:18
     [1m[94m|[0m
[1m[94m1421[0m [1m[94m|[0m         assert!(!StatusCode::try_new(199).unwrap().is_success());
     [1m[94m|[0m                  [1m[91m^^^^^^^^^^^^^^^^^^^^^^^^^^^^^^^^^[0m
     [1m[94m|[0m
     [1m[94m= [0m[1mnote[0m: if this value is an `Err`, it will panic
     [1m[94m= [0m[1mhelp[0m: for further information visit https://rust-lang.github.io/rust-clippy/master/index.html#unwrap_used

[1m[91merror[0m[1m: used `unwrap()` on a `Result` value[0m
    [1m[94m--> [0mcrates/intent-core/src/types.rs:1422:18
     [1m[94m|[0m
[1m[94m1422[0m [1m[94m|[0m         assert!(!StatusCode::try_new(300).unwrap().is_success());
     [1m[94m|[0m                  [1m[91m^^^^^^^^^^^^^^^^^^^^^^^^^^^^^^^^^[0m
     [1m[94m|[0m
     [1m[94m= [0m[1mnote[0m: if this value is an `Err`, it will panic
     [1m[94m= [0m[1mhelp[0m: for further information visit https://rust-lang.github.io/rust-clippy/master/index.html#unwrap_used

[1m[91merror[0m[1m: used `unwrap()` on a `Result` value[0m
    [1m[94m--> [0mcrates/intent-core/src/types.rs:1427:17
     [1m[94m|[0m
[1m[94m1427[0m [1m[94m|[0m         assert!(StatusCode::try_new(300).unwrap().is_redirect());
     [1m[94m|[0m                 [1m[91m^^^^^^^^^^^^^^^^^^^^^^^^^^^^^^^^^[0m
     [1m[94m|[0m
     [1m[94m= [0m[1mnote[0m: if this value is an `Err`, it will panic
     [1m[94m= [0m[1mhelp[0m: for further information visit https://rust-lang.github.io/rust-clippy/master/index.html#unwrap_used

[1m[91merror[0m[1m: used `unwrap()` on a `Result` value[0m
    [1m[94m--> [0mcrates/intent-core/src/types.rs:1428:17
     [1m[94m|[0m
[1m[94m1428[0m [1m[94m|[0m         assert!(StatusCode::try_new(399).unwrap().is_redirect());
     [1m[94m|[0m                 [1m[91m^^^^^^^^^^^^^^^^^^^^^^^^^^^^^^^^^[0m
     [1m[94m|[0m
     [1m[94m= [0m[1mnote[0m: if this value is an `Err`, it will panic
     [1m[94m= [0m[1mhelp[0m: for further information visit https://rust-lang.github.io/rust-clippy/master/index.html#unwrap_used

[1m[91merror[0m[1m: used `unwrap()` on a `Result` value[0m
    [1m[94m--> [0mcrates/intent-core/src/types.rs:1429:18
     [1m[94m|[0m
[1m[94m1429[0m [1m[94m|[0m         assert!(!StatusCode::try_new(299).unwrap().is_redirect());
     [1m[94m|[0m                  [1m[91m^^^^^^^^^^^^^^^^^^^^^^^^^^^^^^^^^[0m
     [1m[94m|[0m
     [1m[94m= [0m[1mnote[0m: if this value is an `Err`, it will panic
     [1m[94m= [0m[1mhelp[0m: for further information visit https://rust-lang.github.io/rust-clippy/master/index.html#unwrap_used

[1m[91merror[0m[1m: used `unwrap()` on a `Result` value[0m
    [1m[94m--> [0mcrates/intent-core/src/types.rs:1430:18
     [1m[94m|[0m
[1m[94m1430[0m [1m[94m|[0m         assert!(!StatusCode::try_new(400).unwrap().is_redirect());
     [1m[94m|[0m                  [1m[91m^^^^^^^^^^^^^^^^^^^^^^^^^^^^^^^^^[0m
     [1m[94m|[0m
     [1m[94m= [0m[1mnote[0m: if this value is an `Err`, it will panic
     [1m[94m= [0m[1mhelp[0m: for further information visit https://rust-lang.github.io/rust-clippy/master/index.html#unwrap_used

[1m[91merror[0m[1m: used `unwrap()` on a `Result` value[0m
    [1m[94m--> [0mcrates/intent-core/src/types.rs:1435:17
     [1m[94m|[0m
[1m[94m1435[0m [1m[94m|[0m         assert!(StatusCode::try_new(400).unwrap().is_client_error());
     [1m[94m|[0m                 [1m[91m^^^^^^^^^^^^^^^^^^^^^^^^^^^^^^^^^[0m
     [1m[94m|[0m
     [1m[94m= [0m[1mnote[0m: if this value is an `Err`, it will panic
     [1m[94m= [0m[1mhelp[0m: for further information visit https://rust-lang.github.io/rust-clippy/master/index.html#unwrap_used

[1m[91merror[0m[1m: used `unwrap()` on a `Result` value[0m
    [1m[94m--> [0mcrates/intent-core/src/types.rs:1436:17
     [1m[94m|[0m
[1m[94m1436[0m [1m[94m|[0m         assert!(StatusCode::try_new(499).unwrap().is_client_error());
     [1m[94m|[0m                 [1m[91m^^^^^^^^^^^^^^^^^^^^^^^^^^^^^^^^^[0m
     [1m[94m|[0m
     [1m[94m= [0m[1mnote[0m: if this value is an `Err`, it will panic
     [1m[94m= [0m[1mhelp[0m: for further information visit https://rust-lang.github.io/rust-clippy/master/index.html#unwrap_used

[1m[91merror[0m[1m: used `unwrap()` on a `Result` value[0m
    [1m[94m--> [0mcrates/intent-core/src/types.rs:1437:18
     [1m[94m|[0m
[1m[94m1437[0m [1m[94m|[0m         assert!(!StatusCode::try_new(399).unwrap().is_client_error());
     [1m[94m|[0m                  [1m[91m^^^^^^^^^^^^^^^^^^^^^^^^^^^^^^^^^[0m
     [1m[94m|[0m
     [1m[94m= [0m[1mnote[0m: if this value is an `Err`, it will panic
     [1m[94m= [0m[1mhelp[0m: for further information visit https://rust-lang.github.io/rust-clippy/master/index.html#unwrap_used

[1m[91merror[0m[1m: used `unwrap()` on a `Result` value[0m
    [1m[94m--> [0mcrates/intent-core/src/types.rs:1438:18
     [1m[94m|[0m
[1m[94m1438[0m [1m[94m|[0m         assert!(!StatusCode::try_new(500).unwrap().is_client_error());
     [1m[94m|[0m                  [1m[91m^^^^^^^^^^^^^^^^^^^^^^^^^^^^^^^^^[0m
     [1m[94m|[0m
     [1m[94m= [0m[1mnote[0m: if this value is an `Err`, it will panic
     [1m[94m= [0m[1mhelp[0m: for further information visit https://rust-lang.github.io/rust-clippy/master/index.html#unwrap_used

[1m[91merror[0m[1m: used `unwrap()` on a `Result` value[0m
    [1m[94m--> [0mcrates/intent-core/src/types.rs:1443:17
     [1m[94m|[0m
[1m[94m1443[0m [1m[94m|[0m         assert!(StatusCode::try_new(500).unwrap().is_server_error());
     [1m[94m|[0m                 [1m[91m^^^^^^^^^^^^^^^^^^^^^^^^^^^^^^^^^[0m
     [1m[94m|[0m
     [1m[94m= [0m[1mnote[0m: if this value is an `Err`, it will panic
     [1m[94m= [0m[1mhelp[0m: for further information visit https://rust-lang.github.io/rust-clippy/master/index.html#unwrap_used

[1m[91merror[0m[1m: used `unwrap()` on a `Result` value[0m
    [1m[94m--> [0mcrates/intent-core/src/types.rs:1444:17
     [1m[94m|[0m
[1m[94m1444[0m [1m[94m|[0m         assert!(StatusCode::try_new(599).unwrap().is_server_error());
     [1m[94m|[0m                 [1m[91m^^^^^^^^^^^^^^^^^^^^^^^^^^^^^^^^^[0m
     [1m[94m|[0m
     [1m[94m= [0m[1mnote[0m: if this value is an `Err`, it will panic
     [1m[94m= [0m[1mhelp[0m: for further information visit https://rust-lang.github.io/rust-clippy/master/index.html#unwrap_used

[1m[91merror[0m[1m: used `unwrap()` on a `Result` value[0m
    [1m[94m--> [0mcrates/intent-core/src/types.rs:1445:18
     [1m[94m|[0m
[1m[94m1445[0m [1m[94m|[0m         assert!(!StatusCode::try_new(499).unwrap().is_server_error());
     [1m[94m|[0m                  [1m[91m^^^^^^^^^^^^^^^^^^^^^^^^^^^^^^^^^[0m
     [1m[94m|[0m
     [1m[94m= [0m[1mnote[0m: if this value is an `Err`, it will panic
     [1m[94m= [0m[1mhelp[0m: for further information visit https://rust-lang.github.io/rust-clippy/master/index.html#unwrap_used

[1m[91merror[0m[1m: used `unwrap()` on a `Result` value[0m
    [1m[94m--> [0mcrates/intent-core/src/types.rs:1453:17
     [1m[94m|[0m
[1m[94m1453[0m [1m[94m|[0m         assert!(StatusCode::try_new(100).unwrap().is_informational());
     [1m[94m|[0m                 [1m[91m^^^^^^^^^^^^^^^^^^^^^^^^^^^^^^^^^[0m
     [1m[94m|[0m
     [1m[94m= [0m[1mnote[0m: if this value is an `Err`, it will panic
     [1m[94m= [0m[1mhelp[0m: for further information visit https://rust-lang.github.io/rust-clippy/master/index.html#unwrap_used

[1m[91merror[0m[1m: used `unwrap()` on a `Result` value[0m
    [1m[94m--> [0mcrates/intent-core/src/types.rs:1454:17
     [1m[94m|[0m
[1m[94m1454[0m [1m[94m|[0m         assert!(StatusCode::try_new(199).unwrap().is_informational());
     [1m[94m|[0m                 [1m[91m^^^^^^^^^^^^^^^^^^^^^^^^^^^^^^^^^[0m
     [1m[94m|[0m
     [1m[94m= [0m[1mnote[0m: if this value is an `Err`, it will panic
     [1m[94m= [0m[1mhelp[0m: for further information visit https://rust-lang.github.io/rust-clippy/master/index.html#unwrap_used

[1m[91merror[0m[1m: used `unwrap()` on a `Result` value[0m
    [1m[94m--> [0mcrates/intent-core/src/types.rs:1455:18
     [1m[94m|[0m
[1m[94m1455[0m [1m[94m|[0m         assert!(!StatusCode::try_new(200).unwrap().is_informational());
     [1m[94m|[0m                  [1m[91m^^^^^^^^^^^^^^^^^^^^^^^^^^^^^^^^^[0m
     [1m[94m|[0m
     [1m[94m= [0m[1mnote[0m: if this value is an `Err`, it will panic
     [1m[94m= [0m[1mhelp[0m: for further information visit https://rust-lang.github.io/rust-clippy/master/index.html#unwrap_used

[1m[91merror[0m[1m: used `unwrap()` on a `Result` value[0m
    [1m[94m--> [0mcrates/intent-core/src/types.rs:1472:22
     [1m[94m|[0m
[1m[94m1472[0m [1m[94m|[0m         let status = StatusCode::try_new(404).unwrap();
     [1m[94m|[0m                      [1m[91m^^^^^^^^^^^^^^^^^^^^^^^^^^^^^^^^^[0m
     [1m[94m|[0m
     [1m[94m= [0m[1mnote[0m: if this value is an `Err`, it will panic
     [1m[94m= [0m[1mhelp[0m: for further information visit https://rust-lang.github.io/rust-clippy/master/index.html#unwrap_used

[1m[91merror[0m[1m: used `unwrap()` on a `Result` value[0m
    [1m[94m--> [0mcrates/intent-core/src/types.rs:1478:23
     [1m[94m|[0m
[1m[94m1478[0m [1m[94m|[0m         let status1 = StatusCode::try_new(200).unwrap();
     [1m[94m|[0m                       [1m[91m^^^^^^^^^^^^^^^^^^^^^^^^^^^^^^^^^[0m
     [1m[94m|[0m
     [1m[94m= [0m[1mnote[0m: if this value is an `Err`, it will panic
     [1m[94m= [0m[1mhelp[0m: for further information visit https://rust-lang.github.io/rust-clippy/master/index.html#unwrap_used

[1m[91merror[0m[1m: used `unwrap()` on a `Result` value[0m
    [1m[94m--> [0mcrates/intent-core/src/types.rs:1479:23
     [1m[94m|[0m
[1m[94m1479[0m [1m[94m|[0m         let status2 = StatusCode::try_new(200).unwrap();
     [1m[94m|[0m                       [1m[91m^^^^^^^^^^^^^^^^^^^^^^^^^^^^^^^^^[0m
     [1m[94m|[0m
     [1m[94m= [0m[1mnote[0m: if this value is an `Err`, it will panic
     [1m[94m= [0m[1mhelp[0m: for further information visit https://rust-lang.github.io/rust-clippy/master/index.html#unwrap_used

[1m[91merror[0m[1m: used `unwrap()` on a `Result` value[0m
    [1m[94m--> [0mcrates/intent-core/src/types.rs:1480:23
     [1m[94m|[0m
[1m[94m1480[0m [1m[94m|[0m         let status3 = StatusCode::try_new(404).unwrap();
     [1m[94m|[0m                       [1m[91m^^^^^^^^^^^^^^^^^^^^^^^^^^^^^^^^^[0m
     [1m[94m|[0m
     [1m[94m= [0m[1mnote[0m: if this value is an `Err`, it will panic
     [1m[94m= [0m[1mhelp[0m: for further information visit https://rust-lang.github.io/rust-clippy/master/index.html#unwrap_used

[1m[91merror[0m[1m: used `unwrap()` on a `Result` value[0m
    [1m[94m--> [0mcrates/intent-core/src/types.rs:1487:23
     [1m[94m|[0m
[1m[94m1487[0m [1m[94m|[0m         let status1 = StatusCode::try_new(200).unwrap();
     [1m[94m|[0m                       [1m[91m^^^^^^^^^^^^^^^^^^^^^^^^^^^^^^^^^[0m
     [1m[94m|[0m
     [1m[94m= [0m[1mnote[0m: if this value is an `Err`, it will panic
     [1m[94m= [0m[1mhelp[0m: for further information visit https://rust-lang.github.io/rust-clippy/master/index.html#unwrap_used

[1m[91merror[0m[1m: used `unwrap()` on a `Result` value[0m
    [1m[94m--> [0mcrates/intent-core/src/types.rs:1488:23
     [1m[94m|[0m
[1m[94m1488[0m [1m[94m|[0m         let status2 = StatusCode::try_new(404).unwrap();
     [1m[94m|[0m                       [1m[91m^^^^^^^^^^^^^^^^^^^^^^^^^^^^^^^^^[0m
     [1m[94m|[0m
     [1m[94m= [0m[1mnote[0m: if this value is an `Err`, it will panic
     [1m[94m= [0m[1mhelp[0m: for further information visit https://rust-lang.github.io/rust-clippy/master/index.html#unwrap_used

[1m[91merror[0m: could not compile `intent-core` (lib test) due to 55 previous errors
