[1m[92m    Checking[0m zjj-core v0.1.0 (/home/lewis/workspaces/zjj-lgkf/crates/zjj-core)
[1m[92m    Checking[0m zjj v0.1.0 (/home/lewis/workspaces/zjj-lgkf/crates/zjj)
[1m[91merror[E0428][0m[1m: the name `categorize_db_error` is defined multiple times[0m
   [1m[94m--> [0mcrates/zjj/src/commands/query.rs:359:1
    [1m[94m|[0m
[1m[94m150[0m [1m[94m|[0m fn categorize_db_error(err: &anyhow::Error) -> (String, String) {
    [1m[94m|[0m [1m[94m---------------------------------------------------------------[0m [1m[94mprevious definition of the value `categorize_db_error` here[0m
[1m[94m...[0m
[1m[94m359[0m [1m[94m|[0m fn categorize_db_error(error: &anyhow::Error) -> (String, String) {
    [1m[94m|[0m [1m[91m^^^^^^^^^^^^^^^^^^^^^^^^^^^^^^^^^^^^^^^^^^^^^^^^^^^^^^^^^^^^^^^^^[0m [1m[91m`categorize_db_error` redefined here[0m
    [1m[94m|[0m
    [1m[94m= [0m[1mnote[0m: `categorize_db_error` must be defined only once in the value namespace of this module

[1m[91merror[0m[1m: unused import: `Context`[0m
 [1m[94m--> [0mcrates/zjj/src/commands/diff.rs:8:14
  [1m[94m|[0m
[1m[94m8[0m [1m[94m|[0m use anyhow::{Context, Result};
  [1m[94m|[0m              [1m[91m^^^^^^^[0m
  [1m[94m|[0m
  [1m[94m= [0m[1mnote[0m: `-D unused-imports` implied by `-D warnings`
  [1m[94m= [0m[1mhelp[0m: to override `-D warnings` add `#[allow(unused_imports)]`

[1m[91merror[0m[1m: variables can be used directly in the `format!` string[0m
  [1m[94m--> [0mcrates/zjj/tests/test_json_error_output.rs:31:9
   [1m[94m|[0m
[1m[94m31[0m [1m[94m|[0m         assert!(parsed.is_ok(), "Output should be valid JSON: {}", output);
   [1m[94m|[0m         [1m[91m^^^^^^^^^^^^^^^^^^^^^^^^^^^^^^^^^^^^^^^^^^^^^^^^^^^^^^^^^^^^^^^^^^[0m
   [1m[94m|[0m
   [1m[94m= [0m[1mhelp[0m: for further information visit https://rust-lang.github.io/rust-clippy/master/index.html#uninlined_format_args
   [1m[94m= [0m[1mnote[0m: `-D clippy::uninlined-format-args` implied by `-D warnings`
   [1m[94m= [0m[1mhelp[0m: to override `-D warnings` add `#[allow(clippy::uninlined_format_args)]`
[1m[96mhelp[0m: change this to
   [1m[94m|[0m
[1m[94m31[0m [91m- [0m        assert!(parsed.is_ok(), "Output should be valid JSON: {}"[91m, output[0m);
[1m[94m31[0m [92m+ [0m        assert!(parsed.is_ok(), "Output should be valid JSON: {[92moutput[0m}");
   [1m[94m|[0m

[1m[91merror[0m[1m: variables can be used directly in the `format!` string[0m
  [1m[94m--> [0mcrates/zjj/tests/test_json_error_output.rs:67:5
   [1m[94m|[0m
[1m[94m67[0m [1m[94m|[0m     assert!(parsed.is_ok(), "Output should be valid JSON: {}", output);
   [1m[94m|[0m     [1m[91m^^^^^^^^^^^^^^^^^^^^^^^^^^^^^^^^^^^^^^^^^^^^^^^^^^^^^^^^^^^^^^^^^^[0m
   [1m[94m|[0m
   [1m[94m= [0m[1mhelp[0m: for further information visit https://rust-lang.github.io/rust-clippy/master/index.html#uninlined_format_args
[1m[96mhelp[0m: change this to
   [1m[94m|[0m
[1m[94m67[0m [91m- [0m    assert!(parsed.is_ok(), "Output should be valid JSON: {}"[91m, output[0m);
[1m[94m67[0m [92m+ [0m    assert!(parsed.is_ok(), "Output should be valid JSON: {[92moutput[0m}");
   [1m[94m|[0m

[1m[91merror[0m[1m: redundant closure[0m
  [1m[94m--> [0mcrates/zjj/tests/test_json_error_output.rs:72:42
   [1m[94m|[0m
[1m[94m72[0m [1m[94m|[0m             json.get("success").and_then(|v| v.as_bool()),
   [1m[94m|[0m                                          [1m[91m^^^^^^^^^^^^^^^[0m [1m[91mhelp: replace the closure with the method itself: `serde_json::Value::as_bool`[0m
   [1m[94m|[0m
   [1m[94m= [0m[1mhelp[0m: for further information visit https://rust-lang.github.io/rust-clippy/master/index.html#redundant_closure_for_method_calls
   [1m[94m= [0m[1mnote[0m: `-D clippy::redundant-closure-for-method-calls` implied by `-D warnings`
   [1m[94m= [0m[1mhelp[0m: to override `-D warnings` add `#[allow(clippy::redundant_closure_for_method_calls)]`

[1m[91merror[0m[1m: variables can be used directly in the `format!` string[0m
   [1m[94m--> [0mcrates/zjj/tests/test_json_error_output.rs:107:5
    [1m[94m|[0m
[1m[94m107[0m [1m[94m|[0m     assert!(parsed.is_ok(), "Output should be valid JSON: {}", output);
    [1m[94m|[0m     [1m[91m^^^^^^^^^^^^^^^^^^^^^^^^^^^^^^^^^^^^^^^^^^^^^^^^^^^^^^^^^^^^^^^^^^[0m
    [1m[94m|[0m
    [1m[94m= [0m[1mhelp[0m: for further information visit https://rust-lang.github.io/rust-clippy/master/index.html#uninlined_format_args
[1m[96mhelp[0m: change this to
    [1m[94m|[0m
[1m[94m107[0m [91m- [0m    assert!(parsed.is_ok(), "Output should be valid JSON: {}"[91m, output[0m);
[1m[94m107[0m [92m+ [0m    assert!(parsed.is_ok(), "Output should be valid JSON: {[92moutput[0m}");
    [1m[94m|[0m

[1m[91merror[0m[1m: redundant closure[0m
   [1m[94m--> [0mcrates/zjj/tests/test_json_error_output.rs:112:42
    [1m[94m|[0m
[1m[94m112[0m [1m[94m|[0m             json.get("success").and_then(|v| v.as_bool()),
    [1m[94m|[0m                                          [1m[91m^^^^^^^^^^^^^^^[0m [1m[91mhelp: replace the closure with the method itself: `serde_json::Value::as_bool`[0m
    [1m[94m|[0m
    [1m[94m= [0m[1mhelp[0m: for further information visit https://rust-lang.github.io/rust-clippy/master/index.html#redundant_closure_for_method_calls

[1m[91merror[0m[1m: variables can be used directly in the `format!` string[0m
   [1m[94m--> [0mcrates/zjj/tests/test_json_error_output.rs:159:5
    [1m[94m|[0m
[1m[94m159[0m [1m[94m|[0m     assert!(parsed.is_ok(), "Output should be valid JSON: {}", output);
    [1m[94m|[0m     [1m[91m^^^^^^^^^^^^^^^^^^^^^^^^^^^^^^^^^^^^^^^^^^^^^^^^^^^^^^^^^^^^^^^^^^[0m
    [1m[94m|[0m
    [1m[94m= [0m[1mhelp[0m: for further information visit https://rust-lang.github.io/rust-clippy/master/index.html#uninlined_format_args
[1m[96mhelp[0m: change this to
    [1m[94m|[0m
[1m[94m159[0m [91m- [0m    assert!(parsed.is_ok(), "Output should be valid JSON: {}"[91m, output[0m);
[1m[94m159[0m [92m+ [0m    assert!(parsed.is_ok(), "Output should be valid JSON: {[92moutput[0m}");
    [1m[94m|[0m

[1m[91merror[0m[1m: redundant closure[0m
   [1m[94m--> [0mcrates/zjj/tests/test_json_error_output.rs:164:42
    [1m[94m|[0m
[1m[94m164[0m [1m[94m|[0m             json.get("success").and_then(|v| v.as_bool()),
    [1m[94m|[0m                                          [1m[91m^^^^^^^^^^^^^^^[0m [1m[91mhelp: replace the closure with the method itself: `serde_json::Value::as_bool`[0m
    [1m[94m|[0m
    [1m[94m= [0m[1mhelp[0m: for further information visit https://rust-lang.github.io/rust-clippy/master/index.html#redundant_closure_for_method_calls

[1m[91merror[0m[1m: variables can be used directly in the `format!` string[0m
   [1m[94m--> [0mcrates/zjj/tests/test_json_error_output.rs:189:5
    [1m[94m|[0m
[1m[94m189[0m [1m[94m|[0m     assert!(parsed.is_ok(), "Output should be valid JSON: {}", output);
    [1m[94m|[0m     [1m[91m^^^^^^^^^^^^^^^^^^^^^^^^^^^^^^^^^^^^^^^^^^^^^^^^^^^^^^^^^^^^^^^^^^[0m
    [1m[94m|[0m
    [1m[94m= [0m[1mhelp[0m: for further information visit https://rust-lang.github.io/rust-clippy/master/index.html#uninlined_format_args
[1m[96mhelp[0m: change this to
    [1m[94m|[0m
[1m[94m189[0m [91m- [0m    assert!(parsed.is_ok(), "Output should be valid JSON: {}"[91m, output[0m);
[1m[94m189[0m [92m+ [0m    assert!(parsed.is_ok(), "Output should be valid JSON: {[92moutput[0m}");
    [1m[94m|[0m

[1m[91merror[0m[1m: redundant closure[0m
   [1m[94m--> [0mcrates/zjj/tests/test_json_error_output.rs:194:42
    [1m[94m|[0m
[1m[94m194[0m [1m[94m|[0m             json.get("success").and_then(|v| v.as_bool()),
    [1m[94m|[0m                                          [1m[91m^^^^^^^^^^^^^^^[0m [1m[91mhelp: replace the closure with the method itself: `serde_json::Value::as_bool`[0m
    [1m[94m|[0m
    [1m[94m= [0m[1mhelp[0m: for further information visit https://rust-lang.github.io/rust-clippy/master/index.html#redundant_closure_for_method_calls

[1m[91merror[0m[1m: variables can be used directly in the `format!` string[0m
   [1m[94m--> [0mcrates/zjj/tests/test_json_error_output.rs:202:9
    [1m[94m|[0m
[1m[94m202[0m [1m[94m|[0m [1m[91m/[0m         assert!(
[1m[94m203[0m [1m[94m|[0m [1m[91m|[0m             code.contains("INVALID") || code.contains("VALIDATION"),
[1m[94m204[0m [1m[94m|[0m [1m[91m|[0m             "Error code should indicate validation error: {}",
[1m[94m205[0m [1m[94m|[0m [1m[91m|[0m             code
[1m[94m206[0m [1m[94m|[0m [1m[91m|[0m         );
    [1m[94m|[0m [1m[91m|_________^[0m
    [1m[94m|[0m
    [1m[94m= [0m[1mhelp[0m: for further information visit https://rust-lang.github.io/rust-clippy/master/index.html#uninlined_format_args

[1m[91merror[0m[1m: variables can be used directly in the `format!` string[0m
   [1m[94m--> [0mcrates/zjj/tests/test_json_error_output.rs:230:5
    [1m[94m|[0m
[1m[94m230[0m [1m[94m|[0m     assert!(parsed.is_ok(), "Output should be valid JSON: {}", output);
    [1m[94m|[0m     [1m[91m^^^^^^^^^^^^^^^^^^^^^^^^^^^^^^^^^^^^^^^^^^^^^^^^^^^^^^^^^^^^^^^^^^[0m
    [1m[94m|[0m
    [1m[94m= [0m[1mhelp[0m: for further information visit https://rust-lang.github.io/rust-clippy/master/index.html#uninlined_format_args
[1m[96mhelp[0m: change this to
    [1m[94m|[0m
[1m[94m230[0m [91m- [0m    assert!(parsed.is_ok(), "Output should be valid JSON: {}"[91m, output[0m);
[1m[94m230[0m [92m+ [0m    assert!(parsed.is_ok(), "Output should be valid JSON: {[92moutput[0m}");
    [1m[94m|[0m

[1m[91merror[0m[1m: redundant closure[0m
   [1m[94m--> [0mcrates/zjj/tests/test_json_error_output.rs:235:42
    [1m[94m|[0m
[1m[94m235[0m [1m[94m|[0m             json.get("success").and_then(|v| v.as_bool()),
    [1m[94m|[0m                                          [1m[91m^^^^^^^^^^^^^^^[0m [1m[91mhelp: replace the closure with the method itself: `serde_json::Value::as_bool`[0m
    [1m[94m|[0m
    [1m[94m= [0m[1mhelp[0m: for further information visit https://rust-lang.github.io/rust-clippy/master/index.html#redundant_closure_for_method_calls

[1m[91merror[0m[1m: variables can be used directly in the `format!` string[0m
   [1m[94m--> [0mcrates/zjj/tests/test_json_error_output.rs:243:9
    [1m[94m|[0m
[1m[94m243[0m [1m[94m|[0m [1m[91m/[0m         assert!(
[1m[94m244[0m [1m[94m|[0m [1m[91m|[0m             message.contains("already exists") || message.contains("duplicate"),
[1m[94m245[0m [1m[94m|[0m [1m[91m|[0m             "Error message should indicate duplicate: {}",
[1m[94m246[0m [1m[94m|[0m [1m[91m|[0m             message
[1m[94m247[0m [1m[94m|[0m [1m[91m|[0m         );
    [1m[94m|[0m [1m[91m|_________^[0m
    [1m[94m|[0m
    [1m[94m= [0m[1mhelp[0m: for further information visit https://rust-lang.github.io/rust-clippy/master/index.html#uninlined_format_args

[1m[91merror[0m[1m: variables can be used directly in the `format!` string[0m
   [1m[94m--> [0mcrates/zjj/tests/test_json_error_output.rs:267:5
    [1m[94m|[0m
[1m[94m267[0m [1m[94m|[0m     assert!(parsed.is_ok(), "Output should be valid JSON: {}", output);
    [1m[94m|[0m     [1m[91m^^^^^^^^^^^^^^^^^^^^^^^^^^^^^^^^^^^^^^^^^^^^^^^^^^^^^^^^^^^^^^^^^^[0m
    [1m[94m|[0m
    [1m[94m= [0m[1mhelp[0m: for further information visit https://rust-lang.github.io/rust-clippy/master/index.html#uninlined_format_args
[1m[96mhelp[0m: change this to
    [1m[94m|[0m
[1m[94m267[0m [91m- [0m    assert!(parsed.is_ok(), "Output should be valid JSON: {}"[91m, output[0m);
[1m[94m267[0m [92m+ [0m    assert!(parsed.is_ok(), "Output should be valid JSON: {[92moutput[0m}");
    [1m[94m|[0m

[1m[91merror[0m[1m: redundant closure[0m
   [1m[94m--> [0mcrates/zjj/tests/test_json_error_output.rs:272:42
    [1m[94m|[0m
[1m[94m272[0m [1m[94m|[0m             json.get("success").and_then(|v| v.as_bool()),
    [1m[94m|[0m                                          [1m[91m^^^^^^^^^^^^^^^[0m [1m[91mhelp: replace the closure with the method itself: `serde_json::Value::as_bool`[0m
    [1m[94m|[0m
    [1m[94m= [0m[1mhelp[0m: for further information visit https://rust-lang.github.io/rust-clippy/master/index.html#redundant_closure_for_method_calls

[1m[91merror[0m[1m: variables can be used directly in the `format!` string[0m
   [1m[94m--> [0mcrates/zjj/tests/test_json_error_output.rs:296:5
    [1m[94m|[0m
[1m[94m296[0m [1m[94m|[0m     assert!(parsed.is_ok(), "Output should be valid JSON: {}", output);
    [1m[94m|[0m     [1m[91m^^^^^^^^^^^^^^^^^^^^^^^^^^^^^^^^^^^^^^^^^^^^^^^^^^^^^^^^^^^^^^^^^^[0m
    [1m[94m|[0m
    [1m[94m= [0m[1mhelp[0m: for further information visit https://rust-lang.github.io/rust-clippy/master/index.html#uninlined_format_args
[1m[96mhelp[0m: change this to
    [1m[94m|[0m
[1m[94m296[0m [91m- [0m    assert!(parsed.is_ok(), "Output should be valid JSON: {}"[91m, output[0m);
[1m[94m296[0m [92m+ [0m    assert!(parsed.is_ok(), "Output should be valid JSON: {[92moutput[0m}");
    [1m[94m|[0m

[1m[91merror[0m[1m: redundant closure[0m
   [1m[94m--> [0mcrates/zjj/tests/test_json_error_output.rs:301:42
    [1m[94m|[0m
[1m[94m301[0m [1m[94m|[0m             json.get("success").and_then(|v| v.as_bool()),
    [1m[94m|[0m                                          [1m[91m^^^^^^^^^^^^^^^[0m [1m[91mhelp: replace the closure with the method itself: `serde_json::Value::as_bool`[0m
    [1m[94m|[0m
    [1m[94m= [0m[1mhelp[0m: for further information visit https://rust-lang.github.io/rust-clippy/master/index.html#redundant_closure_for_method_calls

[1m[91merror[0m[1m: variables can be used directly in the `format!` string[0m
   [1m[94m--> [0mcrates/zjj/tests/test_json_error_output.rs:323:9
    [1m[94m|[0m
[1m[94m323[0m [1m[94m|[0m         assert!(parsed.is_ok(), "Output should be valid JSON: {}", output);
    [1m[94m|[0m         [1m[91m^^^^^^^^^^^^^^^^^^^^^^^^^^^^^^^^^^^^^^^^^^^^^^^^^^^^^^^^^^^^^^^^^^[0m
    [1m[94m|[0m
    [1m[94m= [0m[1mhelp[0m: for further information visit https://rust-lang.github.io/rust-clippy/master/index.html#uninlined_format_args
[1m[96mhelp[0m: change this to
    [1m[94m|[0m
[1m[94m323[0m [91m- [0m        assert!(parsed.is_ok(), "Output should be valid JSON: {}"[91m, output[0m);
[1m[94m323[0m [92m+ [0m        assert!(parsed.is_ok(), "Output should be valid JSON: {[92moutput[0m}");
    [1m[94m|[0m

[1m[91merror[0m[1m: variables can be used directly in the `format!` string[0m
   [1m[94m--> [0mcrates/zjj/tests/test_json_error_output.rs:344:5
    [1m[94m|[0m
[1m[94m344[0m [1m[94m|[0m     assert!(parsed.is_ok(), "Output should be valid JSON: {}", output);
    [1m[94m|[0m     [1m[91m^^^^^^^^^^^^^^^^^^^^^^^^^^^^^^^^^^^^^^^^^^^^^^^^^^^^^^^^^^^^^^^^^^[0m
    [1m[94m|[0m
    [1m[94m= [0m[1mhelp[0m: for further information visit https://rust-lang.github.io/rust-clippy/master/index.html#uninlined_format_args
[1m[96mhelp[0m: change this to
    [1m[94m|[0m
[1m[94m344[0m [91m- [0m    assert!(parsed.is_ok(), "Output should be valid JSON: {}"[91m, output[0m);
[1m[94m344[0m [92m+ [0m    assert!(parsed.is_ok(), "Output should be valid JSON: {[92moutput[0m}");
    [1m[94m|[0m

[1m[91merror[0m[1m: variables can be used directly in the `format!` string[0m
   [1m[94m--> [0mcrates/zjj/tests/test_json_error_output.rs:364:5
    [1m[94m|[0m
[1m[94m364[0m [1m[94m|[0m     assert!(parsed.is_ok(), "Output should be valid JSON: {}", output);
    [1m[94m|[0m     [1m[91m^^^^^^^^^^^^^^^^^^^^^^^^^^^^^^^^^^^^^^^^^^^^^^^^^^^^^^^^^^^^^^^^^^[0m
    [1m[94m|[0m
    [1m[94m= [0m[1mhelp[0m: for further information visit https://rust-lang.github.io/rust-clippy/master/index.html#uninlined_format_args
[1m[96mhelp[0m: change this to
    [1m[94m|[0m
[1m[94m364[0m [91m- [0m    assert!(parsed.is_ok(), "Output should be valid JSON: {}"[91m, output[0m);
[1m[94m364[0m [92m+ [0m    assert!(parsed.is_ok(), "Output should be valid JSON: {[92moutput[0m}");
    [1m[94m|[0m

[1m[91merror[0m[1m: redundant closure[0m
   [1m[94m--> [0mcrates/zjj/tests/test_json_error_output.rs:369:42
    [1m[94m|[0m
[1m[94m369[0m [1m[94m|[0m             json.get("success").and_then(|v| v.as_bool()),
    [1m[94m|[0m                                          [1m[91m^^^^^^^^^^^^^^^[0m [1m[91mhelp: replace the closure with the method itself: `serde_json::Value::as_bool`[0m
    [1m[94m|[0m
    [1m[94m= [0m[1mhelp[0m: for further information visit https://rust-lang.github.io/rust-clippy/master/index.html#redundant_closure_for_method_calls

[1m[91merror[0m: could not compile `zjj` (test "test_json_error_output") due to 21 previous errors
[1m[33mwarning[0m: build failed, waiting for other jobs to finish...
[1m[91merror[E0308][0m[1m: mismatched types[0m
   [1m[94m--> [0mcrates/zjj/src/main.rs:348:44
    [1m[94m|[0m
[1m[94m348[0m [1m[94m|[0m             remove::run_with_options(name, options)
    [1m[94m|[0m             [1m[94m------------------------[0m       [1m[91m^^^^^^^[0m [1m[91mexpected `&RemoveOptions`, found `RemoveOptions`[0m
    [1m[94m|[0m             [1m[94m|[0m
    [1m[94m|[0m             [1m[94marguments to this function are incorrect[0m
    [1m[94m|[0m
[1m[92mnote[0m: function defined here
   [1m[94m--> [0mcrates/zjj/src/commands/remove.rs:38:8
    [1m[94m|[0m
[1m[94m 38[0m [1m[94m|[0m pub fn run_with_options(name: &str, options: &RemoveOptions) -> Result<()> {
    [1m[94m|[0m        [1m[92m^^^^^^^^^^^^^^^^[0m             [1m[94m-----------------------[0m
[1m[96mhelp[0m: consider borrowing here
    [1m[94m|[0m
[1m[94m348[0m [1m[94m| [0m            remove::run_with_options(name, [92m&[0moptions)
    [1m[94m|[0m                                            [92m+[0m

[1m[91merror[E0308][0m[1m: mismatched types[0m
   [1m[94m--> [0mcrates/zjj/src/main.rs:357:43
    [1m[94m|[0m
[1m[94m357[0m [1m[94m|[0m             focus::run_with_options(name, options)
    [1m[94m|[0m             [1m[94m-----------------------[0m       [1m[91m^^^^^^^[0m [1m[91mexpected `&FocusOptions`, found `FocusOptions`[0m
    [1m[94m|[0m             [1m[94m|[0m
    [1m[94m|[0m             [1m[94marguments to this function are incorrect[0m
    [1m[94m|[0m
[1m[92mnote[0m: function defined here
   [1m[94m--> [0mcrates/zjj/src/commands/focus.rs:19:8
    [1m[94m|[0m
[1m[94m 19[0m [1m[94m|[0m pub fn run_with_options(name: &str, options: &FocusOptions) -> Result<()> {
    [1m[94m|[0m        [1m[92m^^^^^^^^^^^^^^^^[0m             [1m[94m----------------------[0m
[1m[96mhelp[0m: consider borrowing here
    [1m[94m|[0m
[1m[94m357[0m [1m[94m| [0m            focus::run_with_options(name, [92m&[0moptions)
    [1m[94m|[0m                                           [92m+[0m

[1mSome errors have detailed explanations: E0308, E0428.[0m
[1mFor more information about an error, try `rustc --explain E0308`.[0m
[1m[91merror[0m: could not compile `zjj` (bin "jjz") due to 4 previous errors
[1m[91merror[0m: could not compile `zjj` (bin "jjz" test) due to 3 previous errors
